# JRE version: Java(TM) SE Runtime Environment (21.0.7+8) (build 21.0.7+8-LTS-245)
# Java VM: Java HotSpot(TM) 64-Bit Server VM (21.0.7+8-LTS-245, mixed mode, sharing, tiered, compressed oops, compressed class ptrs, g1 gc, windows-amd64)
GC Precious Log:
 CardTable entry size: 512
 Card Set container configuration: InlinePtr #cards 4 size 8 Array Of Cards #cards 16 size 48 Howl #buckets 8 coarsen threshold 3686 Howl Bitmap #cards 512 size 80 coarsen threshold 460 Card regions per heap region 1 cards per card region 4096
 CPUs: 12 total, 12 available
 Memory: 15741M
 Large Page Support: Disabled
 NUMA Support: Disabled
 Compressed Oops: Enabled (Zero based)
 Heap Region Size: 2M
 Heap Min Capacity: 8M
 Heap Initial Capacity: 246M
 Heap Max Capacity: 3936M
 Pre-touch: Disabled
 Parallel Workers: 10
 Concurrent Workers: 3
 Concurrent Refinement Workers: 10
 Periodic GC: Disabled
Heap:
 garbage-first heap   total 79872K, used 45392K [0x000000070a000000, 0x0000000800000000)
  region size 2048K, 15 young (30720K), 2 survivors (4096K)
 Metaspace       used 39876K, committed 40320K, reserved 1114112K
  class space    used 4792K, committed 4992K, reserved 1048576K
GC Heap History (12 events):
Event: 0.680 GC heap before
{Heap before GC invocations=0 (full 0):
 garbage-first heap   total 251904K, used 22528K [0x000000070a000000, 0x0000000800000000)
  region size 2048K, 11 young (22528K), 0 survivors (0K)
 Metaspace       used 5887K, committed 6016K, reserved 1114112K
  class space    used 545K, committed 640K, reserved 1048576K
}
Event: 0.684 GC heap after
{Heap after GC invocations=1 (full 0):
 garbage-first heap   total 251904K, used 11273K [0x000000070a000000, 0x0000000800000000)
  region size 2048K, 2 young (4096K), 2 survivors (4096K)
 Metaspace       used 5887K, committed 6016K, reserved 1114112K
  class space    used 545K, committed 640K, reserved 1048576K
}
Event: 1.297 GC heap before
{Heap before GC invocations=1 (full 0):
 garbage-first heap   total 251904K, used 31753K [0x000000070a000000, 0x0000000800000000)
  region size 2048K, 12 young (24576K), 2 survivors (4096K)
 Metaspace       used 11114K, committed 11392K, reserved 1114112K
  class space    used 1228K, committed 1344K, reserved 1048576K
}
Event: 1.302 GC heap after
{Heap after GC invocations=2 (full 0):
 garbage-first heap   total 251904K, used 13118K [0x000000070a000000, 0x0000000800000000)
  region size 2048K, 1 young (2048K), 1 survivors (2048K)
 Metaspace       used 11114K, committed 11392K, reserved 1114112K
  class space    used 1228K, committed 1344K, reserved 1048576K
}
Event: 2.431 GC heap before
{Heap before GC invocations=2 (full 0):
 garbage-first heap   total 251904K, used 60222K [0x000000070a000000, 0x0000000800000000)
  region size 2048K, 26 young (53248K), 1 survivors (2048K)
 Metaspace       used 21301K, committed 21504K, reserved 1114112K
  class space    used 2400K, committed 2496K, reserved 1048576K
}
Event: 2.435 GC heap after
{Heap after GC invocations=3 (full 0):
 garbage-first heap   total 251904K, used 16292K [0x000000070a000000, 0x0000000800000000)
  region size 2048K, 3 young (6144K), 3 survivors (6144K)
 Metaspace       used 21301K, committed 21504K, reserved 1114112K
  class space    used 2400K, committed 2496K, reserved 1048576K
}
Event: 86.769 GC heap before
{Heap before GC invocations=4 (full 0):
 garbage-first heap   total 69632K, used 67492K [0x000000070a000000, 0x0000000800000000)
  region size 2048K, 28 young (57344K), 3 survivors (6144K)
 Metaspace       used 29267K, committed 29632K, reserved 1114112K
  class space    used 3343K, committed 3520K, reserved 1048576K
}
Event: 86.779 GC heap after
{Heap after GC invocations=5 (full 0):
 garbage-first heap   total 79872K, used 20706K [0x000000070a000000, 0x0000000800000000)
  region size 2048K, 5 young (10240K), 5 survivors (10240K)
 Metaspace       used 29267K, committed 29632K, reserved 1114112K
  class space    used 3343K, committed 3520K, reserved 1048576K
}
Event: 87.415 GC heap before
{Heap before GC invocations=5 (full 0):
 garbage-first heap   total 79872K, used 53474K [0x000000070a000000, 0x0000000800000000)
  region size 2048K, 22 young (45056K), 5 survivors (10240K)
 Metaspace       used 35542K, committed 35968K, reserved 1114112K
  class space    used 4321K, committed 4480K, reserved 1048576K
}
Event: 87.424 GC heap after
{Heap after GC invocations=6 (full 0):
 garbage-first heap   total 79872K, used 23635K [0x000000070a000000, 0x0000000800000000)
  region size 2048K, 2 young (4096K), 2 survivors (4096K)
 Metaspace       used 35542K, committed 35968K, reserved 1114112K
  class space    used 4321K, committed 4480K, reserved 1048576K
}
Event: 87.459 GC heap before
{Heap before GC invocations=6 (full 0):
 garbage-first heap   total 79872K, used 25683K [0x000000070a000000, 0x0000000800000000)
  region size 2048K, 4 young (8192K), 2 survivors (4096K)
 Metaspace       used 35889K, committed 36288K, reserved 1114112K
  class space    used 4384K, committed 4544K, reserved 1048576K
}
Event: 87.463 GC heap after
{Heap after GC invocations=7 (full 0):
 garbage-first heap   total 79872K, used 22864K [0x000000070a000000, 0x0000000800000000)
  region size 2048K, 2 young (4096K), 2 survivors (4096K)
 Metaspace       used 35889K, committed 36288K, reserved 1114112K
  class space    used 4384K, committed 4544K, reserved 1048576K
}

